# JRE version: Java(TM) SE Runtime Environment (8.0_191-b12) (build 1.8.0_191-b12)
# Java VM: Java HotSpot(TM) 64-Bit Server VM (25.191-b12 mixed mode linux-amd64 compressed oops)
Heap:
 PSYoungGen      total 36864K, used 5718K [0x000000076d800000, 0x000000076fe80000, 0x00000007c0000000)
  eden space 34304K, 12% used [0x000000076d800000,0x000000076dc43a08,0x000000076f980000)
  from space 2560K, 52% used [0x000000076f980000,0x000000076fad1e30,0x000000076fc00000)
  to   space 2560K, 0% used [0x000000076fc00000,0x000000076fc00000,0x000000076fe80000)
 ParOldGen       total 345088K, used 322031K [0x00000006c8800000, 0x00000006dd900000, 0x000000076d800000)
  object space 345088K, 93% used [0x00000006c8800000,0x00000006dc27bc88,0x00000006dd900000)
 Metaspace       used 41072K, capacity 42158K, committed 42328K, reserved 1087488K
  class space    used 4780K, capacity 4966K, committed 4992K, reserved 1048576K
GC Heap History (10 events):
Event: 1117344,900 GC heap before
{Heap before GC invocations=3111 (full 2):
 PSYoungGen      total 36352K, used 35606K [0x000000076d800000, 0x000000076fe80000, 0x00000007c0000000)
  eden space 34304K, 100% used [0x000000076d800000,0x000000076f980000,0x000000076f980000)
  from space 2048K, 63% used [0x000000076fc80000,0x000000076fdc5b48,0x000000076fe80000)
  to   space 2560K, 0% used [0x000000076f980000,0x000000076f980000,0x000000076fc00000)
 ParOldGen       total 345088K, used 304282K [0x00000006c8800000, 0x00000006dd900000, 0x000000076d800000)
  object space 345088K, 88% used [0x00000006c8800000,0x00000006db126be0,0x00000006dd900000)
 Metaspace       used 41047K, capacity 42094K, committed 42328K, reserved 1087488K
  class space    used 4777K, capacity 4966K, committed 4992K, reserved 1048576K
Event: 1117344,902 GC heap after
Heap after GC invocations=3111 (full 2):
 PSYoungGen      total 36864K, used 898K [0x000000076d800000, 0x000000076fe80000, 0x00000007c0000000)
  eden space 34304K, 0% used [0x000000076d800000,0x000000076d800000,0x000000076f980000)
  from space 2560K, 35% used [0x000000076f980000,0x000000076fa60b10,0x000000076fc00000)
  to   space 2560K, 0% used [0x000000076fc00000,0x000000076fc00000,0x000000076fe80000)
 ParOldGen       total 345088K, used 304282K [0x00000006c8800000, 0x00000006dd900000, 0x000000076d800000)
  object space 345088K, 88% used [0x00000006c8800000,0x00000006db126be0,0x00000006dd900000)
 Metaspace       used 41047K, capacity 42094K, committed 42328K, reserved 1087488K
  class space    used 4777K, capacity 4966K, committed 4992K, reserved 1048576K
}
Event: 1119134,496 GC heap before
{Heap before GC invocations=3112 (full 2):
 PSYoungGen      total 36864K, used 35202K [0x000000076d800000, 0x000000076fe80000, 0x00000007c0000000)
  eden space 34304K, 100% used [0x000000076d800000,0x000000076f980000,0x000000076f980000)
  from space 2560K, 35% used [0x000000076f980000,0x000000076fa60b10,0x000000076fc00000)
  to   space 2560K, 0% used [0x000000076fc00000,0x000000076fc00000,0x000000076fe80000)
 ParOldGen       total 345088K, used 304282K [0x00000006c8800000, 0x00000006dd900000, 0x000000076d800000)
  object space 345088K, 88% used [0x00000006c8800000,0x00000006db126be0,0x00000006dd900000)
 Metaspace       used 41047K, capacity 42094K, committed 42328K, reserved 1087488K
  class space    used 4777K, capacity 4966K, committed 4992K, reserved 1048576K
Event: 1119134,500 GC heap after
Heap after GC invocations=3112 (full 2):
 PSYoungGen      total 36864K, used 760K [0x000000076d800000, 0x000000076fe80000, 0x00000007c0000000)
  eden space 34304K, 0% used [0x000000076d800000,0x000000076d800000,0x000000076f980000)
  from space 2560K, 29% used [0x000000076fc00000,0x000000076fcbe0a8,0x000000076fe80000)
  to   space 2560K, 0% used [0x000000076f980000,0x000000076f980000,0x000000076fc00000)
 ParOldGen       total 345088K, used 304298K [0x00000006c8800000, 0x00000006dd900000, 0x000000076d800000)
  object space 345088K, 88% used [0x00000006c8800000,0x00000006db12abe0,0x00000006dd900000)
 Metaspace       used 41047K, capacity 42094K, committed 42328K, reserved 1087488K
  class space    used 4777K, capacity 4966K, committed 4992K, reserved 1048576K
}
Event: 1120830,450 GC heap before
{Heap before GC invocations=3113 (full 2):
 PSYoungGen      total 36864K, used 35064K [0x000000076d800000, 0x000000076fe80000, 0x00000007c0000000)
  eden space 34304K, 100% used [0x000000076d800000,0x000000076f980000,0x000000076f980000)
  from space 2560K, 29% used [0x000000076fc00000,0x000000076fcbe0a8,0x000000076fe80000)
  to   space 2560K, 0% used [0x000000076f980000,0x000000076f980000,0x000000076fc00000)
 ParOldGen       total 345088K, used 304298K [0x00000006c8800000, 0x00000006dd900000, 0x000000076d800000)
  object space 345088K, 88% used [0x00000006c8800000,0x00000006db12abe0,0x00000006dd900000)
 Metaspace       used 41047K, capacity 42094K, committed 42328K, reserved 1087488K
  class space    used 4777K, capacity 4966K, committed 4992K, reserved 1048576K
Event: 1120830,460 GC heap after
Heap after GC invocations=3113 (full 2):
 PSYoungGen      total 36864K, used 819K [0x000000076d800000, 0x000000076fe80000, 0x00000007c0000000)
  eden space 34304K, 0% used [0x000000076d800000,0x000000076d800000,0x000000076f980000)
  from space 2560K, 32% used [0x000000076f980000,0x000000076fa4cf18,0x000000076fc00000)
  to   space 2560K, 0% used [0x000000076fc00000,0x000000076fc00000,0x000000076fe80000)
 ParOldGen       total 345088K, used 304298K [0x00000006c8800000, 0x00000006dd900000, 0x000000076d800000)
  object space 345088K, 88% used [0x00000006c8800000,0x00000006db12abe0,0x00000006dd900000)
 Metaspace       used 41047K, capacity 42094K, committed 42328K, reserved 1087488K
  class space    used 4777K, capacity 4966K, committed 4992K, reserved 1048576K
}
Event: 1122755,031 GC heap before
{Heap before GC invocations=3114 (full 2):
 PSYoungGen      total 36864K, used 35123K [0x000000076d800000, 0x000000076fe80000, 0x00000007c0000000)
  eden space 34304K, 100% used [0x000000076d800000,0x000000076f980000,0x000000076f980000)
  from space 2560K, 32% used [0x000000076f980000,0x000000076fa4cf18,0x000000076fc00000)
  to   space 2560K, 0% used [0x000000076fc00000,0x000000076fc00000,0x000000076fe80000)
 ParOldGen       total 345088K, used 304298K [0x00000006c8800000, 0x00000006dd900000, 0x000000076d800000)
  object space 345088K, 88% used [0x00000006c8800000,0x00000006db12abe0,0x00000006dd900000)
 Metaspace       used 41047K, capacity 42094K, committed 42328K, reserved 1087488K
  class space    used 4777K, capacity 4966K, committed 4992K, reserved 1048576K
Event: 1122755,035 GC heap after
Heap after GC invocations=3114 (full 2):
 PSYoungGen      total 36864K, used 192K [0x000000076d800000, 0x000000076fe80000, 0x00000007c0000000)
  eden space 34304K, 0% used [0x000000076d800000,0x000000076d800000,0x000000076f980000)
  from space 2560K, 7% used [0x000000076fc00000,0x000000076fc30000,0x000000076fe80000)
  to   space 2560K, 0% used [0x000000076f980000,0x000000076f980000,0x000000076fc00000)
 ParOldGen       total 345088K, used 304917K [0x00000006c8800000, 0x00000006dd900000, 0x000000076d800000)
  object space 345088K, 88% used [0x00000006c8800000,0x00000006db1c5568,0x00000006dd900000)
 Metaspace       used 41047K, capacity 42094K, committed 42328K, reserved 1087488K
  class space    used 4777K, capacity 4966K, committed 4992K, reserved 1048576K
}
Event: 1124701,346 GC heap before
{Heap before GC invocations=3115 (full 2):
 PSYoungGen      total 36864K, used 34495K [0x000000076d800000, 0x000000076fe80000, 0x00000007c0000000)
  eden space 34304K, 99% used [0x000000076d800000,0x000000076f97fff0,0x000000076f980000)
  from space 2560K, 7% used [0x000000076fc00000,0x000000076fc30000,0x000000076fe80000)
  to   space 2560K, 0% used [0x000000076f980000,0x000000076f980000,0x000000076fc00000)
 ParOldGen       total 345088K, used 304917K [0x00000006c8800000, 0x00000006dd900000, 0x000000076d800000)
  object space 345088K, 88% used [0x00000006c8800000,0x00000006db1c5568,0x00000006dd900000)
 Metaspace       used 41064K, capacity 42158K, committed 42328K, reserved 1087488K
  class space    used 4779K, capacity 4966K, committed 4992K, reserved 1048576K
Event: 1124701,359 GC heap after
Heap after GC invocations=3115 (full 2):
 PSYoungGen      total 36864K, used 1351K [0x000000076d800000, 0x000000076fe80000, 0x00000007c0000000)
  eden space 34304K, 0% used [0x000000076d800000,0x000000076d800000,0x000000076f980000)
  from space 2560K, 52% used [0x000000076f980000,0x000000076fad1e30,0x000000076fc00000)
  to   space 2560K, 0% used [0x000000076fc00000,0x000000076fc00000,0x000000076fe80000)
 ParOldGen       total 345088K, used 322031K [0x00000006c8800000, 0x00000006dd900000, 0x000000076d800000)
  object space 345088K, 93% used [0x00000006c8800000,0x00000006dc27bc88,0x00000006dd900000)
 Metaspace       used 41064K, capacity 42158K, committed 42328K, reserved 1087488K
  class space    used 4779K, capacity 4966K, committed 4992K, reserved 1048576K
}

